<?xml version="1.0" encoding="UTF-8"?>
<!-- Generated by org.testng.reporters.JUnitXMLReporter -->
<testsuite hostname="Abhinav-PC" ignored="0" name="Test" tests="7" failures="0" timestamp="17 Jan 2018 14:21:54 GMT" time="128.731" errors="0">
  <testcase name="contactsPageLabelTest" time="0.087" classname="com.crm.testcases.ContactsPageTest"/>
  <testcase name="loginPageTitleTest" time="0.021" classname="com.crm.testcases.LoginPageTest"/>
  <testcase name="homePageTitleTest" time="0.039" classname="com.crm.testcases.HomePageTest"/>
  <testcase name="loginPageLogoTest" time="0.073" classname="com.crm.testcases.LoginPageTest"/>
  <testcase name="homePageUserLabelTest" time="0.194" classname="com.crm.testcases.HomePageTest"/>
  <testcase name="loginTest" time="11.18" classname="com.crm.testcases.LoginPageTest"/>
  <testcase name="homePageContactsLinkTest" time="1.833" classname="com.crm.testcases.HomePageTest"/>
</testsuite> <!-- Test -->
