<?xml version="1.0" encoding="UTF-8"?>
<!-- Generated by org.testng.reporters.JUnitXMLReporter -->
<testsuite hostname="Abhinav-PC" ignored="0" name="FREE CRM APPLICATION TEST" tests="3" failures="0" timestamp="22 Jan 2018 05:36:27 GMT" time="15.006" errors="0">
  <testcase name="loginPageTitleTest" time="0.073" classname="com.crm.testcases.LoginPageTest"/>
  <testcase name="loginPageLogoTest" time="0.269" classname="com.crm.testcases.LoginPageTest"/>
  <testcase name="loginTest" time="14.487" classname="com.crm.testcases.LoginPageTest"/>
</testsuite> <!-- FREE CRM APPLICATION TEST -->
